  Reading Qt configuration (E:/QT/5.14.2/msvc2017_64/bin/qmake)
  rcc QtWidgetsApplication1.qrc
   RCC: Warning: No resources in 'C:\Users\tim60\OneDrive\µíîΘ¥ó\Point-Cloud-PointCloud-ver1.2.1\QtWidgetsApplication1\QtWidgetsApplication1.qrc'.
  QtWidgetsApplication1.cpp
  main.cpp
C:\Users\tim60\OneDrive\桌面\Point-Cloud-PointCloud-ver1.2.1\QtWidgetsApplication1\x64\Debug\uic\ui_QtWidgetsApplication1.h(322,35): warning C4566: 由通用字元名稱 '\u684C' 表示的字元，無法在目前的字碼頁中表示 (1252) (正在編譯原始程式檔 main.cpp)
C:\Users\tim60\OneDrive\桌面\Point-Cloud-PointCloud-ver1.2.1\QtWidgetsApplication1\x64\Debug\uic\ui_QtWidgetsApplication1.h(322,35): warning C4566: 由通用字元名稱 '\u9762' 表示的字元，無法在目前的字碼頁中表示 (1252) (正在編譯原始程式檔 main.cpp)
C:\Users\tim60\OneDrive\桌面\Point-Cloud-PointCloud-ver1.2.1\QtWidgetsApplication1\x64\Debug\uic\ui_QtWidgetsApplication1.h(322,90): warning C4566: 由通用字元名稱 '\u684C' 表示的字元，無法在目前的字碼頁中表示 (1252) (正在編譯原始程式檔 main.cpp)
C:\Users\tim60\OneDrive\桌面\Point-Cloud-PointCloud-ver1.2.1\QtWidgetsApplication1\x64\Debug\uic\ui_QtWidgetsApplication1.h(322,90): warning C4566: 由通用字元名稱 '\u9762' 表示的字元，無法在目前的字碼頁中表示 (1252) (正在編譯原始程式檔 main.cpp)
C:\Users\tim60\OneDrive\桌面\Point-Cloud-PointCloud-ver1.2.1\QtWidgetsApplication1\x64\Debug\uic\ui_QtWidgetsApplication1.h(323,35): warning C4566: 由通用字元名稱 '\u684C' 表示的字元，無法在目前的字碼頁中表示 (1252) (正在編譯原始程式檔 main.cpp)
C:\Users\tim60\OneDrive\桌面\Point-Cloud-PointCloud-ver1.2.1\QtWidgetsApplication1\x64\Debug\uic\ui_QtWidgetsApplication1.h(323,35): warning C4566: 由通用字元名稱 '\u9762' 表示的字元，無法在目前的字碼頁中表示 (1252) (正在編譯原始程式檔 main.cpp)
C:\Users\tim60\OneDrive\桌面\Point-Cloud-PointCloud-ver1.2.1\QtWidgetsApplication1\x64\Debug\uic\ui_QtWidgetsApplication1.h(323,90): warning C4566: 由通用字元名稱 '\u684C' 表示的字元，無法在目前的字碼頁中表示 (1252) (正在編譯原始程式檔 main.cpp)
C:\Users\tim60\OneDrive\桌面\Point-Cloud-PointCloud-ver1.2.1\QtWidgetsApplication1\x64\Debug\uic\ui_QtWidgetsApplication1.h(323,90): warning C4566: 由通用字元名稱 '\u9762' 表示的字元，無法在目前的字碼頁中表示 (1252) (正在編譯原始程式檔 main.cpp)
C:\Users\tim60\OneDrive\桌面\Point-Cloud-PointCloud-ver1.2.1\QtWidgetsApplication1\x64\Debug\uic\ui_QtWidgetsApplication1.h(324,35): warning C4566: 由通用字元名稱 '\u684C' 表示的字元，無法在目前的字碼頁中表示 (1252) (正在編譯原始程式檔 main.cpp)
C:\Users\tim60\OneDrive\桌面\Point-Cloud-PointCloud-ver1.2.1\QtWidgetsApplication1\x64\Debug\uic\ui_QtWidgetsApplication1.h(324,35): warning C4566: 由通用字元名稱 '\u9762' 表示的字元，無法在目前的字碼頁中表示 (1252) (正在編譯原始程式檔 main.cpp)
C:\Users\tim60\OneDrive\桌面\Point-Cloud-PointCloud-ver1.2.1\QtWidgetsApplication1\x64\Debug\uic\ui_QtWidgetsApplication1.h(324,90): warning C4566: 由通用字元名稱 '\u684C' 表示的字元，無法在目前的字碼頁中表示 (1252) (正在編譯原始程式檔 main.cpp)
C:\Users\tim60\OneDrive\桌面\Point-Cloud-PointCloud-ver1.2.1\QtWidgetsApplication1\x64\Debug\uic\ui_QtWidgetsApplication1.h(324,90): warning C4566: 由通用字元名稱 '\u9762' 表示的字元，無法在目前的字碼頁中表示 (1252) (正在編譯原始程式檔 main.cpp)
C:\Users\tim60\OneDrive\桌面\Point-Cloud-PointCloud-ver1.2.1\QtWidgetsApplication1\x64\Debug\uic\ui_QtWidgetsApplication1.h(325,35): warning C4566: 由通用字元名稱 '\u684C' 表示的字元，無法在目前的字碼頁中表示 (1252) (正在編譯原始程式檔 main.cpp)
C:\Users\tim60\OneDrive\桌面\Point-Cloud-PointCloud-ver1.2.1\QtWidgetsApplication1\x64\Debug\uic\ui_QtWidgetsApplication1.h(325,35): warning C4566: 由通用字元名稱 '\u9762' 表示的字元，無法在目前的字碼頁中表示 (1252) (正在編譯原始程式檔 main.cpp)
C:\Users\tim60\OneDrive\桌面\Point-Cloud-PointCloud-ver1.2.1\QtWidgetsApplication1\x64\Debug\uic\ui_QtWidgetsApplication1.h(325,90): warning C4566: 由通用字元名稱 '\u684C' 表示的字元，無法在目前的字碼頁中表示 (1252) (正在編譯原始程式檔 main.cpp)
C:\Users\tim60\OneDrive\桌面\Point-Cloud-PointCloud-ver1.2.1\QtWidgetsApplication1\x64\Debug\uic\ui_QtWidgetsApplication1.h(325,90): warning C4566: 由通用字元名稱 '\u9762' 表示的字元，無法在目前的字碼頁中表示 (1252) (正在編譯原始程式檔 main.cpp)
C:\Users\tim60\OneDrive\桌面\Point-Cloud-PointCloud-ver1.2.1\QtWidgetsApplication1\x64\Debug\uic\ui_QtWidgetsApplication1.h(326,38): warning C4566: 由通用字元名稱 '\u684C' 表示的字元，無法在目前的字碼頁中表示 (1252) (正在編譯原始程式檔 main.cpp)
C:\Users\tim60\OneDrive\桌面\Point-Cloud-PointCloud-ver1.2.1\QtWidgetsApplication1\x64\Debug\uic\ui_QtWidgetsApplication1.h(326,38): warning C4566: 由通用字元名稱 '\u9762' 表示的字元，無法在目前的字碼頁中表示 (1252) (正在編譯原始程式檔 main.cpp)
C:\Users\tim60\OneDrive\桌面\Point-Cloud-PointCloud-ver1.2.1\QtWidgetsApplication1\x64\Debug\uic\ui_QtWidgetsApplication1.h(326,87): warning C4566: 由通用字元名稱 '\u684C' 表示的字元，無法在目前的字碼頁中表示 (1252) (正在編譯原始程式檔 main.cpp)
C:\Users\tim60\OneDrive\桌面\Point-Cloud-PointCloud-ver1.2.1\QtWidgetsApplication1\x64\Debug\uic\ui_QtWidgetsApplication1.h(326,87): warning C4566: 由通用字元名稱 '\u9762' 表示的字元，無法在目前的字碼頁中表示 (1252) (正在編譯原始程式檔 main.cpp)
C:\Users\tim60\OneDrive\桌面\Point-Cloud-PointCloud-ver1.2.1\QtWidgetsApplication1\x64\Debug\uic\ui_QtWidgetsApplication1.h(327,44): warning C4566: 由通用字元名稱 '\u684C' 表示的字元，無法在目前的字碼頁中表示 (1252) (正在編譯原始程式檔 main.cpp)
C:\Users\tim60\OneDrive\桌面\Point-Cloud-PointCloud-ver1.2.1\QtWidgetsApplication1\x64\Debug\uic\ui_QtWidgetsApplication1.h(327,44): warning C4566: 由通用字元名稱 '\u9762' 表示的字元，無法在目前的字碼頁中表示 (1252) (正在編譯原始程式檔 main.cpp)
C:\Users\tim60\OneDrive\桌面\Point-Cloud-PointCloud-ver1.2.1\QtWidgetsApplication1\x64\Debug\uic\ui_QtWidgetsApplication1.h(327,99): warning C4566: 由通用字元名稱 '\u684C' 表示的字元，無法在目前的字碼頁中表示 (1252) (正在編譯原始程式檔 main.cpp)
C:\Users\tim60\OneDrive\桌面\Point-Cloud-PointCloud-ver1.2.1\QtWidgetsApplication1\x64\Debug\uic\ui_QtWidgetsApplication1.h(327,99): warning C4566: 由通用字元名稱 '\u9762' 表示的字元，無法在目前的字碼頁中表示 (1252) (正在編譯原始程式檔 main.cpp)
E:\PCL 1.11.1\3rdParty\Boost\include\boost-1_74\boost\function_output_iterator.hpp(14): message : This header is deprecated. Use <boost/iterator/function_output_iterator.hpp> instead.
E:\PCL 1.11.1\3rdParty\Boost\include\boost-1_74\boost\function_output_iterator.hpp(14): message : This header is deprecated. Use <boost/iterator/function_output_iterator.hpp> instead.
C:\Users\tim60\OneDrive\桌面\Point-Cloud-PointCloud-ver1.2.1\QtWidgetsApplication1\QtWidgetsApplication1.cpp(113,42): warning C4806: '==': 不安全的作業: 類型 'bool' 升至類型 'int' 後沒有值可以等於所給的常數
  moc_QtWidgetsApplication1.cpp
C:\Users\tim60\OneDrive\桌面\Point-Cloud-PointCloud-ver1.2.1\QtWidgetsApplication1\x64\Debug\uic\ui_QtWidgetsApplication1.h(322,35): warning C4566: 由通用字元名稱 '\u684C' 表示的字元，無法在目前的字碼頁中表示 (1252)
C:\Users\tim60\OneDrive\桌面\Point-Cloud-PointCloud-ver1.2.1\QtWidgetsApplication1\x64\Debug\uic\ui_QtWidgetsApplication1.h(322,35): warning C4566: 由通用字元名稱 '\u9762' 表示的字元，無法在目前的字碼頁中表示 (1252)
C:\Users\tim60\OneDrive\桌面\Point-Cloud-PointCloud-ver1.2.1\QtWidgetsApplication1\x64\Debug\uic\ui_QtWidgetsApplication1.h(322,90): warning C4566: 由通用字元名稱 '\u684C' 表示的字元，無法在目前的字碼頁中表示 (1252)
C:\Users\tim60\OneDrive\桌面\Point-Cloud-PointCloud-ver1.2.1\QtWidgetsApplication1\x64\Debug\uic\ui_QtWidgetsApplication1.h(322,90): warning C4566: 由通用字元名稱 '\u9762' 表示的字元，無法在目前的字碼頁中表示 (1252)
C:\Users\tim60\OneDrive\桌面\Point-Cloud-PointCloud-ver1.2.1\QtWidgetsApplication1\x64\Debug\uic\ui_QtWidgetsApplication1.h(323,35): warning C4566: 由通用字元名稱 '\u684C' 表示的字元，無法在目前的字碼頁中表示 (1252)
C:\Users\tim60\OneDrive\桌面\Point-Cloud-PointCloud-ver1.2.1\QtWidgetsApplication1\x64\Debug\uic\ui_QtWidgetsApplication1.h(323,35): warning C4566: 由通用字元名稱 '\u9762' 表示的字元，無法在目前的字碼頁中表示 (1252)
C:\Users\tim60\OneDrive\桌面\Point-Cloud-PointCloud-ver1.2.1\QtWidgetsApplication1\x64\Debug\uic\ui_QtWidgetsApplication1.h(323,90): warning C4566: 由通用字元名稱 '\u684C' 表示的字元，無法在目前的字碼頁中表示 (1252)
C:\Users\tim60\OneDrive\桌面\Point-Cloud-PointCloud-ver1.2.1\QtWidgetsApplication1\x64\Debug\uic\ui_QtWidgetsApplication1.h(323,90): warning C4566: 由通用字元名稱 '\u9762' 表示的字元，無法在目前的字碼頁中表示 (1252)
C:\Users\tim60\OneDrive\桌面\Point-Cloud-PointCloud-ver1.2.1\QtWidgetsApplication1\x64\Debug\uic\ui_QtWidgetsApplication1.h(324,35): warning C4566: 由通用字元名稱 '\u684C' 表示的字元，無法在目前的字碼頁中表示 (1252)
C:\Users\tim60\OneDrive\桌面\Point-Cloud-PointCloud-ver1.2.1\QtWidgetsApplication1\x64\Debug\uic\ui_QtWidgetsApplication1.h(324,35): warning C4566: 由通用字元名稱 '\u9762' 表示的字元，無法在目前的字碼頁中表示 (1252)
C:\Users\tim60\OneDrive\桌面\Point-Cloud-PointCloud-ver1.2.1\QtWidgetsApplication1\x64\Debug\uic\ui_QtWidgetsApplication1.h(324,90): warning C4566: 由通用字元名稱 '\u684C' 表示的字元，無法在目前的字碼頁中表示 (1252)
C:\Users\tim60\OneDrive\桌面\Point-Cloud-PointCloud-ver1.2.1\QtWidgetsApplication1\x64\Debug\uic\ui_QtWidgetsApplication1.h(324,90): warning C4566: 由通用字元名稱 '\u9762' 表示的字元，無法在目前的字碼頁中表示 (1252)
C:\Users\tim60\OneDrive\桌面\Point-Cloud-PointCloud-ver1.2.1\QtWidgetsApplication1\x64\Debug\uic\ui_QtWidgetsApplication1.h(325,35): warning C4566: 由通用字元名稱 '\u684C' 表示的字元，無法在目前的字碼頁中表示 (1252)
C:\Users\tim60\OneDrive\桌面\Point-Cloud-PointCloud-ver1.2.1\QtWidgetsApplication1\x64\Debug\uic\ui_QtWidgetsApplication1.h(325,35): warning C4566: 由通用字元名稱 '\u9762' 表示的字元，無法在目前的字碼頁中表示 (1252)
C:\Users\tim60\OneDrive\桌面\Point-Cloud-PointCloud-ver1.2.1\QtWidgetsApplication1\x64\Debug\uic\ui_QtWidgetsApplication1.h(325,90): warning C4566: 由通用字元名稱 '\u684C' 表示的字元，無法在目前的字碼頁中表示 (1252)
C:\Users\tim60\OneDrive\桌面\Point-Cloud-PointCloud-ver1.2.1\QtWidgetsApplication1\x64\Debug\uic\ui_QtWidgetsApplication1.h(325,90): warning C4566: 由通用字元名稱 '\u9762' 表示的字元，無法在目前的字碼頁中表示 (1252)
C:\Users\tim60\OneDrive\桌面\Point-Cloud-PointCloud-ver1.2.1\QtWidgetsApplication1\x64\Debug\uic\ui_QtWidgetsApplication1.h(326,38): warning C4566: 由通用字元名稱 '\u684C' 表示的字元，無法在目前的字碼頁中表示 (1252)
C:\Users\tim60\OneDrive\桌面\Point-Cloud-PointCloud-ver1.2.1\QtWidgetsApplication1\x64\Debug\uic\ui_QtWidgetsApplication1.h(326,38): warning C4566: 由通用字元名稱 '\u9762' 表示的字元，無法在目前的字碼頁中表示 (1252)
C:\Users\tim60\OneDrive\桌面\Point-Cloud-PointCloud-ver1.2.1\QtWidgetsApplication1\x64\Debug\uic\ui_QtWidgetsApplication1.h(326,87): warning C4566: 由通用字元名稱 '\u684C' 表示的字元，無法在目前的字碼頁中表示 (1252)
C:\Users\tim60\OneDrive\桌面\Point-Cloud-PointCloud-ver1.2.1\QtWidgetsApplication1\x64\Debug\uic\ui_QtWidgetsApplication1.h(326,87): warning C4566: 由通用字元名稱 '\u9762' 表示的字元，無法在目前的字碼頁中表示 (1252)
C:\Users\tim60\OneDrive\桌面\Point-Cloud-PointCloud-ver1.2.1\QtWidgetsApplication1\x64\Debug\uic\ui_QtWidgetsApplication1.h(327,44): warning C4566: 由通用字元名稱 '\u684C' 表示的字元，無法在目前的字碼頁中表示 (1252)
C:\Users\tim60\OneDrive\桌面\Point-Cloud-PointCloud-ver1.2.1\QtWidgetsApplication1\x64\Debug\uic\ui_QtWidgetsApplication1.h(327,44): warning C4566: 由通用字元名稱 '\u9762' 表示的字元，無法在目前的字碼頁中表示 (1252)
C:\Users\tim60\OneDrive\桌面\Point-Cloud-PointCloud-ver1.2.1\QtWidgetsApplication1\x64\Debug\uic\ui_QtWidgetsApplication1.h(327,99): warning C4566: 由通用字元名稱 '\u684C' 表示的字元，無法在目前的字碼頁中表示 (1252)
C:\Users\tim60\OneDrive\桌面\Point-Cloud-PointCloud-ver1.2.1\QtWidgetsApplication1\x64\Debug\uic\ui_QtWidgetsApplication1.h(327,99): warning C4566: 由通用字元名稱 '\u9762' 表示的字元，無法在目前的字碼頁中表示 (1252)
E:\PCL 1.11.1\3rdParty\Boost\include\boost-1_74\boost\function_output_iterator.hpp(14): message : This header is deprecated. Use <boost/iterator/function_output_iterator.hpp> instead.
  qrc_QtWidgetsApplication1.cpp
  QtWidgetsApplication1.vcxproj -> C:\Users\tim60\OneDrive\桌面\Point-Cloud-PointCloud-ver1.2.1\x64\Debug\QtWidgetsApplication1.exe
